Drill report for status.kicad_pcb
Created on 2025-07-19T14:00:14-0400

Copper Layer Stackup:
    =============================================================
    L1 :  F.Cu                      front
    L1 :  B.Cu                      back
    L1 :  Power 3.3V                in1
    L1 :  GND                       in2


Drill file 'status-PTH.drl' contains
    plated through holes:
    =============================================================
    T1  0.300mm  0.0118"  (2 holes)
    T2  0.400mm  0.0157"  (220 holes)
    T3  0.600mm  0.0236"  (4 holes)  (with 4 slots)
    T4  0.762mm  0.0300"  (4 holes)
    T5  0.864mm  0.0340"  (4 holes)
    T6  1.000mm  0.0394"  (2 holes)

    Total plated holes count 236


Drill file 'status-NPTH.drl' contains
    unplated through holes:
    =============================================================
    T1  0.600mm  0.0236"  (2 holes)

    Total unplated holes count 2
